Arguments: 
  /usr/local/bin/node /usr/local/Cellar/yarn/1.3.2/libexec/bin/yarn.js install

PATH: 
  /Users/mackenson91/.gem/ruby/2.3.3/bin:/Users/mackenson91/.rubies/ruby-2.3.3/lib/ruby/gems/2.3.0/bin:/Users/mackenson91/.rubies/ruby-2.3.3/bin:/usr/local/opt/openssl/bin:/usr/local/bin:/usr/bin:/bin:/usr/sbin:/sbin:/Applications/Postgres.app/Contents/Versions/9.6/bin:/Applications/Postgres.app/Contents/Versions/9.6/bin

Yarn version: 
  1.3.2

Node version: 
  8.11.3

Platform: 
  darwin x64

npm manifest: 
  {
    "name": "pop-up-ad",
    "version": "1.0.0",
    "description": "",
    "main": "webpack.config.js",
    "scripts": {
      "start": "node_modules/.bin/webpack-dev-server --host 0.0.0.0 --hot",
      "test": "echo \"Error: no test specified\" && exit 1"
    },
    "author": "",
    "license": "ISC",
    "devDependencies": {
      "babel-core": "~6.23.1",
      "babel-loader": "~6.3.2",
      "babel-preset-env": "~1.6.1",
      "babel-preset-react": "~6.22.0",
      "css-loader": "^0.26.2",
      "node-sass": "^4.5.0",
      "sass-loader": "^6.0.2",
      "style-loader": "^0.13.2",
      "webpack": "~2.3.1",
      "webpack-dev-server": "~2.4.2"
    },
    "dependencies": {
      "babel-polyfill": "^6.23.0",
      "react": "~15.4.2",
      "react-dom": "~15.4.2"
    }
  }

yarn manifest: 
  No manifest

Lockfile: 
  No lockfile

Trace: 
  Error: https://registry.yarnpkg.com/babel-polyfill: ETIMEDOUT
      at Timeout._onTimeout (/usr/local/Cellar/yarn/1.3.2/libexec/lib/cli.js:123749:19)
      at ontimeout (timers.js:498:11)
      at tryOnTimeout (timers.js:323:5)
      at Timer.listOnTimeout (timers.js:290:5)
